<?xml version="1.0" encoding="UTF-8"?>
<testsuite xmlns:xsi="http://www.w3.org/2001/XMLSchema-instance" xsi:noNamespaceSchemaLocation="https://maven.apache.org/surefire/maven-surefire-plugin/xsd/surefire-test-report-3.0.xsd" version="3.0" name="TestSuite" time="45.737" tests="2" errors="0" skipped="0" failures="1">
  <properties>
[...]
</properties>
  <testcase name="Registarion" classname="com.mt.app.tests.MarqueryTourTest" time="29.06">
    <system-out><![CDATA[Execution Before Suite -Opening Browser
Execution Before Test- Opening URL
Executiog Before Class-Maximize Browser
Cookie Name : geo-location
Cookie Name : _pbjs_userid_consent_data
Cookie Name : _ga
Cookie Name : _gat_gtag_UA_1248015_24
Cookie Name : _pubcid
Cookie Name : __gads
Cookie Name : _gid
Before method get cookies
Executing Registration Test
]]></system-out>
    <system-err><![CDATA[Starting ChromeDriver 96.0.4664.45 (76e4c1bb2ab4671b8beba3444e61c0f17584b2fc-refs/branch-heads/4664@{#947}) on port 13655
Only local connections are allowed.
Please see https://chromedriver.chromium.org/security-considerations for suggestions on keeping ChromeDriver safe.
ChromeDriver was started successfully.
Dec 28, 2021 3:59:15 PM org.openqa.selenium.remote.ProtocolHandshake createSession
INFO: Detected dialect: W3C
]]></system-err>
  </testcase>
  <testcase name="loginDemo" classname="com.mt.app.tests.MarqueryTourTest" time="1.853">
    <failure message="element click intercepted: Element &lt;input name=&quot;submit&quot; type=&quot;submit&quot; src=&quot;images/submit.gif&quot; width=&quot;60&quot; height=&quot;23&quot; border=&quot;0&quot;&gt; is not clickable at point (393, 544). Other element would receive the click: &lt;iframe frameborder=&quot;0&quot; src=&quot;https://2703c04b71423c792bef286d31098cd8.safeframe.googlesyndication.com/safeframe/1-0-38/html/container.html&quot; id=&quot;google_ads_iframe_/24132379/INTERSTITIAL_DemoGuru99_0&quot; title=&quot;3rd party ad content&quot; name=&quot;&quot; scrolling=&quot;no&quot; marginwidth=&quot;0&quot; marginheight=&quot;0&quot; width=&quot;&quot; height=&quot;&quot; data-is-safeframe=&quot;true&quot; sandbox=&quot;allow-forms allow-popups allow-popups-to-escape-sandbox allow-same-origin allow-scripts allow-top-navigation-by-user-activation&quot; role=&quot;region&quot; aria-label=&quot;Advertisement&quot; tabindex=&quot;0&quot; data-google-container-id=&quot;1&quot; data-load-complete=&quot;true&quot; style=&quot;border: 0px !important; vertical-align: bottom !important; width: 100vw !important; height: 100vh !important; inset: 0px auto auto 0px !important; position: absolute !important; clear: none !important; display: inline !important; float: none !important; margin: 0px !important; max-height: none !important; max-width: none !important; opacity: 1 !important; overflow: visible !important; padding: 0px !important; visibility: visible !important; z-index: auto !important;&quot;&gt;&lt;/iframe&gt;&#10;  (Session info: chrome=96.0.4664.110)&#10;Build info: version: &apos;3.141.59&apos;, revision: &apos;e82be7d358&apos;, time: &apos;2018-11-14T08:17:03&apos;&#10;System info: host: &apos;LAPTOP-Q7E05486&apos;, ip: &apos;192.168.1.16&apos;, os.name: &apos;Windows 10&apos;, os.arch: &apos;amd64&apos;, os.version: &apos;10.0&apos;, java.version: &apos;1.8.0_291&apos;&#10;Driver info: org.openqa.selenium.chrome.ChromeDriver&#10;Capabilities {acceptInsecureCerts: false, browserName: chrome, browserVersion: 96.0.4664.110, chrome: {chromedriverVersion: 96.0.4664.45 (76e4c1bb2ab46..., userDataDir: C:\Users\Lenovo\AppData\Loc...}, goog:chromeOptions: {debuggerAddress: localhost:53212}, javascriptEnabled: true, networkConnectionEnabled: false, pageLoadStrategy: normal, platform: WINDOWS, platformName: WINDOWS, proxy: Proxy(), setWindowRect: true, strictFileInteractability: false, timeouts: {implicit: 0, pageLoad: 300000, script: 30000}, unhandledPromptBehavior: dismiss and notify, webauthn:extension:credBlob: true, webauthn:extension:largeBlob: true, webauthn:virtualAuthenticators: true}&#10;Session ID: c410d238cc592a751ed25be21a0f2ce5" type="org.openqa.selenium.ElementClickInterceptedException"><![CDATA[org.openqa.selenium.ElementClickInterceptedException: 
element click intercepted: Element <input name="submit" type="submit" src="images/submit.gif" width="60" height="23" border="0"> is not clickable at point (393, 544). Other element would receive the click: <iframe frameborder="0" src="https://2703c04b71423c792bef286d31098cd8.safeframe.googlesyndication.com/safeframe/1-0-38/html/container.html" id="google_ads_iframe_/24132379/INTERSTITIAL_DemoGuru99_0" title="3rd party ad content" name="" scrolling="no" marginwidth="0" marginheight="0" width="" height="" data-is-safeframe="true" sandbox="allow-forms allow-popups allow-popups-to-escape-sandbox allow-same-origin allow-scripts allow-top-navigation-by-user-activation" role="region" aria-label="Advertisement" tabindex="0" data-google-container-id="1" data-load-complete="true" style="border: 0px !important; vertical-align: bottom !important; width: 100vw !important; height: 100vh !important; inset: 0px auto auto 0px !important; position: absolute !important; clear: none !important; display: inline !important; float: none !important; margin: 0px !important; max-height: none !important; max-width: none !important; opacity: 1 !important; overflow: visible !important; padding: 0px !important; visibility: visible !important; z-index: auto !important;"></iframe>
  (Session info: chrome=96.0.4664.110)
Build info: version: '3.141.59', revision: 'e82be7d358', time: '2018-11-14T08:17:03'
System info: host: 'LAPTOP-Q7E05486', ip: '192.168.1.16', os.name: 'Windows 10', os.arch: 'amd64', os.version: '10.0', java.version: '1.8.0_291'
Driver info: org.openqa.selenium.chrome.ChromeDriver
Capabilities {acceptInsecureCerts: false, browserName: chrome, browserVersion: 96.0.4664.110, chrome: {chromedriverVersion: 96.0.4664.45 (76e4c1bb2ab46..., userDataDir: C:\Users\Lenovo\AppData\Loc...}, goog:chromeOptions: {debuggerAddress: localhost:53212}, javascriptEnabled: true, networkConnectionEnabled: false, pageLoadStrategy: normal, platform: WINDOWS, platformName: WINDOWS, proxy: Proxy(), setWindowRect: true, strictFileInteractability: false, timeouts: {implicit: 0, pageLoad: 300000, script: 30000}, unhandledPromptBehavior: dismiss and notify, webauthn:extension:credBlob: true, webauthn:extension:largeBlob: true, webauthn:virtualAuthenticators: true}
Session ID: c410d238cc592a751ed25be21a0f2ce5
	at com.mt.app.tests.MarqueryTourTest.loginDemo(MarqueryTourTest.java:121)
]]></failure>
    <system-out><![CDATA[After method Screenshot taken
Cookie Name : geo-location
Cookie Name : ccpa-dau
Cookie Name : _pbjs_userid_consent_data
Cookie Name : usprivacy
Cookie Name : _ga
Cookie Name : _gat_gtag_UA_1248015_24
Cookie Name : _pubcid
Cookie Name : __gads
Cookie Name : _gid
Before method get cookies
Executing Login Test
]]></system-out>
  </testcase>
</testsuite>