<?xml version="1.0" encoding="UTF-8"?>
<testng-results skipped="0" failed="0" ignored="0" total="1" passed="1">
  <reporter-output>
  </reporter-output>
  <suite name="Default suite" duration-ms="874" started-at="2021-12-10T14:19:59 IST" finished-at="2021-12-10T14:19:59 IST">
    <groups>
    </groups>
    <test name="Default test" duration-ms="874" started-at="2021-12-10T14:19:59 IST" finished-at="2021-12-10T14:19:59 IST">
      <class name="com.mt.app.tests.ExcelData">
        <test-method status="PASS" signature="getData()[pri:0, instance:com.mt.app.tests.ExcelData@646d64ab]" name="getData" duration-ms="822" started-at="2021-12-10T14:19:59 IST" finished-at="2021-12-10T14:19:59 IST">
          <reporter-output>
          </reporter-output>
        </test-method> <!-- getData -->
      </class> <!-- com.mt.app.tests.ExcelData -->
    </test> <!-- Default test -->
  </suite> <!-- Default suite -->
</testng-results>
